<?xml version="1.0" encoding="UTF-8"?>
<!-- Generated by org.testng.reporters.JUnitReportReporter -->
<testsuite skipped="0" hostname="DESKTOP-2QLTO68" name="com.testcases.Authentication" tests="1" failures="0" timestamp="2020-08-20T23:04:22 PDT" time="6.447" errors="0">
  <testcase name="actionOn" time="6.447" classname="com.testcases.Authentication"/>
  <system-out/>
</testsuite> <!-- com.testcases.Authentication -->
