<?xml version="1.0" encoding="UTF-8"?>
<!-- Generated by org.testng.reporters.JUnitReportReporter -->
<testsuite skipped="0" hostname="DESKTOP-2QLTO68" name="com.testcases.DragAndDrop" tests="1" failures="0" timestamp="2020-08-19T21:39:13 PDT" time="7.969" errors="0">
  <testcase name="actionOn" time="7.969" classname="com.testcases.DragAndDrop"/>
  <system-out/>
</testsuite> <!-- com.testcases.DragAndDrop -->
