<?xml version="1.0" encoding="UTF-8"?>
<!-- Generated by org.testng.reporters.JUnitReportReporter -->
<testsuite skipped="0" hostname="DESKTOP-2QLTO68" name="com.TestNG.CrossBrowser" tests="2" failures="0" timestamp="2020-08-20T22:51:49 PDT" time="2.281" errors="0">
  <testcase name="facebook" time="1.022" classname="com.TestNG.CrossBrowser"/>
  <system-out/>
  <testcase name="facebook" time="1.259" classname="com.TestNG.CrossBrowser"/>
  <system-out/>
</testsuite> <!-- com.TestNG.CrossBrowser -->
