<?xml version="1.0" encoding="UTF-8"?>
<!-- Generated by org.testng.reporters.JUnitReportReporter -->
<testsuite skipped="0" hostname="DESKTOP-2QLTO68" name="com.TestNG.ParallelExxecution2" tests="3" failures="0" timestamp="2020-08-18T18:46:47 PDT" time="0.009" errors="0">
  <testcase name="testCase2" time="0.001" classname="com.TestNG.ParallelExxecution2"/>
  <system-out/>
  <testcase name="testCase3" time="0.001" classname="com.TestNG.ParallelExxecution2"/>
  <system-out/>
  <testcase name="testCase1" time="0.007" classname="com.TestNG.ParallelExxecution2"/>
  <system-out/>
</testsuite> <!-- com.TestNG.ParallelExxecution2 -->
