<?xml version="1.0" encoding="UTF-8"?>
<!-- Generated by org.testng.reporters.JUnitReportReporter -->
<testsuite skipped="0" hostname="DESKTOP-2QLTO68" name="com.TestNG.ParallelExecution1" tests="3" failures="0" timestamp="2020-08-18T18:46:47 PDT" time="0.010" errors="0">
  <testcase name="testCase6" time="0.002" classname="com.TestNG.ParallelExecution1"/>
  <system-out/>
  <testcase name="testCase5" time="0.001" classname="com.TestNG.ParallelExecution1"/>
  <system-out/>
  <testcase name="testCase4" time="0.007" classname="com.TestNG.ParallelExecution1"/>
  <system-out/>
</testsuite> <!-- com.TestNG.ParallelExecution1 -->
