<?xml version="1.0" encoding="UTF-8"?>
<!-- Generated by org.testng.reporters.JUnitReportReporter -->
<testsuite skipped="0" hostname="DESKTOP-2QLTO68" name="com.TestNG.DependUponGroup" tests="2" failures="0" timestamp="2020-08-19T19:25:45 PDT" time="0.010" errors="0">
  <testcase name="testCase3" time="0.001" classname="com.TestNG.DependUponGroup"/>
  <system-out/>
  <testcase name="testCase2" time="0.009" classname="com.TestNG.DependUponGroup"/>
  <system-out/>
</testsuite> <!-- com.TestNG.DependUponGroup -->
