<?xml version="1.0" encoding="UTF-8"?>
<!-- Generated by org.testng.reporters.JUnitReportReporter -->
<testsuite skipped="0" hostname="DESKTOP-2QLTO68" name="com.TestNG.ClickandHold$ClickAndHold" tests="1" failures="0" timestamp="2020-08-20T09:28:46 PDT" time="7.750" errors="0">
  <testcase name="actionOn" time="7.750" classname="com.TestNG.ClickandHold$ClickAndHold"/>
  <system-out/>
</testsuite> <!-- com.TestNG.ClickandHold$ClickAndHold -->
