<?xml version="1.0" encoding="UTF-8"?>
<!-- Generated by org.testng.reporters.JUnitReportReporter -->
<testsuite skipped="0" hostname="DESKTOP-2QLTO68" name="com.TestNG.OrangeHRM" tests="1" failures="0" timestamp="2020-08-24T15:06:43 PDT" time="6.820" errors="0">
  <testcase name="login" time="6.820" classname="com.TestNG.OrangeHRM"/>
  <system-out/>
</testsuite> <!-- com.TestNG.OrangeHRM -->
