<?xml version="1.0" encoding="UTF-8"?>
<!-- Generated by org.testng.reporters.JUnitReportReporter -->
<testsuite skipped="0" hostname="DESKTOP-2QLTO68" name="com.TestNG.ClickAndHold" tests="1" failures="0" timestamp="2020-08-20T22:57:55 PDT" time="8.423" errors="0">
  <testcase name="actionOn" time="8.423" classname="com.TestNG.ClickAndHold"/>
  <system-out/>
</testsuite> <!-- com.TestNG.ClickAndHold -->
