<?xml version="1.0" encoding="UTF-8"?>
<!-- Generated by org.testng.reporters.JUnitReportReporter -->
<testsuite skipped="0" hostname="DESKTOP-2QLTO68" name="com.TestNG.SampleTestCase" tests="3" failures="0" timestamp="2020-08-18T18:14:34 PDT" time="0.010" errors="0">
  <testcase name="TestCase3" time="0.003" classname="com.TestNG.SampleTestCase"/>
  <system-out/>
  <testcase name="TestCase1" time="0.006" classname="com.TestNG.SampleTestCase"/>
  <system-out/>
  <testcase name="TestCase2" time="0.001" classname="com.TestNG.SampleTestCase"/>
  <system-out/>
</testsuite> <!-- com.TestNG.SampleTestCase -->
